<?xml version="1.0" encoding="UTF-8"?>
<!-- Generated by org.testng.reporters.JUnitReportReporter -->
<testsuite hostname="DESKTOP-52GCFRM" failures="0" tests="4" name="Practice.E2EProjectOne.HomePage" time="0.010" errors="1" timestamp="2021-10-18T19:17:37 IST" skipped="3">
  <testcase classname="Practice.E2EProjectOne.HomePage" name="basePageNavigationLogin" time="0.000">
    <skipped/>
  </testcase> <!-- basePageNavigationLogin -->
  <system-out/>
  <testcase classname="Practice.E2EProjectOne.HomePage" name="basePageNavigationLogin" time="0.001">
    <skipped/>
  </testcase> <!-- basePageNavigationLogin -->
  <system-out/>
  <testcase classname="Practice.E2EProjectOne.HomePage" name="BeforeTestExample" time="0.009">
    <error message="Cannot invoke &quot;String.equals(Object)&quot; because &quot;browserName&quot; is null" type="java.lang.NullPointerException">
      <![CDATA[java.lang.NullPointerException: Cannot invoke "String.equals(Object)" because "browserName" is null
at Resources.BaseClass.InitializeDriver(BaseClass.java:34)
at Practice.E2EProjectOne.HomePage.BeforeTestExample(HomePage.java:55)
at java.base/jdk.internal.reflect.NativeMethodAccessorImpl.invoke0(Native Method)
at java.base/jdk.internal.reflect.NativeMethodAccessorImpl.invoke(NativeMethodAccessorImpl.java:78)
at java.base/jdk.internal.reflect.DelegatingMethodAccessorImpl.invoke(DelegatingMethodAccessorImpl.java:43)
at java.base/java.lang.reflect.Method.invoke(Method.java:567)
at org.testng.internal.MethodInvocationHelper.invokeMethod(MethodInvocationHelper.java:133)
at org.testng.internal.MethodInvocationHelper.invokeMethodConsideringTimeout(MethodInvocationHelper.java:62)
at org.testng.internal.ConfigInvoker.invokeConfigurationMethod(ConfigInvoker.java:385)
at org.testng.internal.ConfigInvoker.invokeConfigurations(ConfigInvoker.java:321)
at org.testng.TestRunner.invokeTestConfigurations(TestRunner.java:637)
at org.testng.TestRunner.beforeRun(TestRunner.java:627)
at org.testng.TestRunner.run(TestRunner.java:589)
at org.testng.SuiteRunner.runTest(SuiteRunner.java:377)
at org.testng.SuiteRunner.access$000(SuiteRunner.java:28)
at org.testng.SuiteRunner$SuiteWorker.run(SuiteRunner.java:418)
at org.testng.internal.thread.ThreadUtil.lambda$execute$0(ThreadUtil.java:64)
at java.base/java.util.concurrent.FutureTask.run(FutureTask.java:264)
at java.base/java.util.concurrent.ThreadPoolExecutor.runWorker(ThreadPoolExecutor.java:1130)
at java.base/java.util.concurrent.ThreadPoolExecutor$Worker.run(ThreadPoolExecutor.java:630)
at java.base/java.lang.Thread.run(Thread.java:831)
]]>
    </error>
  </testcase> <!-- BeforeTestExample -->
  <system-out/>
  <testcase classname="Practice.E2EProjectOne.HomePage" name="basePageNavigationLogin" time="0.000">
    <skipped/>
  </testcase> <!-- basePageNavigationLogin -->
  <system-out/>
</testsuite> <!-- Practice.E2EProjectOne.HomePage -->
